2026-04-28 09:34:41  INFO      greenmind.broker      
2026-04-28 09:34:41  INFO      greenmind.broker      ╔══════════════════════════════════════════════════════╗
2026-04-28 09:34:41  INFO      greenmind.broker      ║          GreenMind  —  Local MQTT Broker             ║
2026-04-28 09:34:41  INFO      greenmind.broker      ╠══════════════════════════════════════════════════════╣
2026-04-28 09:34:41  INFO      greenmind.broker      ║  TCP  (ESP32)    mqtt://192.168.0.49:1883                ║
2026-04-28 09:34:41  INFO      greenmind.broker      ║  WS   (Browser)  ws://192.168.0.49:8883 /mqtt            ║
2026-04-28 09:34:41  INFO      greenmind.broker      ╠══════════════════════════════════════════════════════╣
2026-04-28 09:34:41  INFO      greenmind.broker      ║  Topic prefix    greenhouse-19207                    ║
2026-04-28 09:34:41  INFO      greenmind.broker      ║  Authentication  disabled (open)                     ║
2026-04-28 09:34:41  INFO      greenmind.broker      ║  Max connections 50                                  ║
2026-04-28 09:34:41  INFO      greenmind.broker      ║  Log file        broker.log                          ║
2026-04-28 09:34:41  INFO      greenmind.broker      ╠══════════════════════════════════════════════════════╣
2026-04-28 09:34:41  INFO      greenmind.broker      ║  Paste into React app → Settings → MQTT Broker:     ║
2026-04-28 09:34:41  INFO      greenmind.broker      ║    Protocol: ws://                                   ║
2026-04-28 09:34:41  INFO      greenmind.broker      ║    Host:     192.168.0.49                              ║
2026-04-28 09:34:41  INFO      greenmind.broker      ║    Port:     8883                                      ║
2026-04-28 09:34:41  INFO      greenmind.broker      ║    Path:     /mqtt                                   ║
2026-04-28 09:34:41  INFO      greenmind.broker      ╠══════════════════════════════════════════════════════╣
2026-04-28 09:34:41  INFO      greenmind.broker      ║  Paste into ESP32 config.py:                         ║
2026-04-28 09:34:41  INFO      greenmind.broker      ║    MQTT_BROKER = "192.168.0.49"
2026-04-28 09:34:41  INFO      greenmind.broker      ║    MQTT_PORT   = 1883                                  ║
2026-04-28 09:34:41  INFO      greenmind.broker      ╚══════════════════════════════════════════════════════╝
2026-04-28 09:34:41  INFO      greenmind.broker      
2026-04-28 09:36:35  INFO      greenmind.broker      
2026-04-28 09:36:35  INFO      greenmind.broker      ╔══════════════════════════════════════════════════════╗
2026-04-28 09:36:35  INFO      greenmind.broker      ║          GreenMind  —  Local MQTT Broker             ║
2026-04-28 09:36:35  INFO      greenmind.broker      ╠══════════════════════════════════════════════════════╣
2026-04-28 09:36:35  INFO      greenmind.broker      ║  TCP  (ESP32)    mqtt://192.168.0.49:1883                ║
2026-04-28 09:36:35  INFO      greenmind.broker      ║  WS   (Browser)  ws://192.168.0.49:8883 /mqtt            ║
2026-04-28 09:36:35  INFO      greenmind.broker      ╠══════════════════════════════════════════════════════╣
2026-04-28 09:36:35  INFO      greenmind.broker      ║  Topic prefix    greenhouse-19207                    ║
2026-04-28 09:36:35  INFO      greenmind.broker      ║  Authentication  disabled (open)                     ║
2026-04-28 09:36:35  INFO      greenmind.broker      ║  Max connections 50                                  ║
2026-04-28 09:36:35  INFO      greenmind.broker      ║  Log file        broker.log                          ║
2026-04-28 09:36:35  INFO      greenmind.broker      ╠══════════════════════════════════════════════════════╣
2026-04-28 09:36:35  INFO      greenmind.broker      ║  Paste into React app → Settings → MQTT Broker:     ║
2026-04-28 09:36:35  INFO      greenmind.broker      ║    Protocol: ws://                                   ║
2026-04-28 09:36:35  INFO      greenmind.broker      ║    Host:     192.168.0.49                              ║
2026-04-28 09:36:35  INFO      greenmind.broker      ║    Port:     8883                                      ║
2026-04-28 09:36:35  INFO      greenmind.broker      ║    Path:     /mqtt                                   ║
2026-04-28 09:36:35  INFO      greenmind.broker      ╠══════════════════════════════════════════════════════╣
2026-04-28 09:36:35  INFO      greenmind.broker      ║  Paste into ESP32 config.py:                         ║
2026-04-28 09:36:35  INFO      greenmind.broker      ║    MQTT_BROKER = "192.168.0.49"
2026-04-28 09:36:35  INFO      greenmind.broker      ║    MQTT_PORT   = 1883                                  ║
2026-04-28 09:36:35  INFO      greenmind.broker      ╚══════════════════════════════════════════════════════╝
2026-04-28 09:36:35  INFO      greenmind.broker      
2026-04-28 09:36:35  WARNING   amqtt.contexts        sys_interval is deprecated, use 'plugins' to define configuration
2026-04-28 09:36:35  WARNING   amqtt.contexts        'auth' and 'topic-check' are deprecated, use 'plugins' to define configuration
